{"uuid":"da0fc6e3-fbcc-4923-9447-a42c3be9f15e","historyId":"2ca1b2c51d62a37feef19a5436f9f345","fullName":"TestClass.firstTestMethod","labels":[{"name":"package","value":"TestClass"},{"name":"testClass","value":"TestClass"},{"name":"testMethod","value":"firstTestMethod"},{"name":"parentSuite","value":"TestSuite"},{"name":"suite","value":"Testing Swoop webpage"},{"name":"subSuite","value":"TestClass"},{"name":"host","value":"DESKTOP-S6IG1KI"},{"name":"thread","value":"16480@DESKTOP-S6IG1KI.TestNG-test=Testing Swoop webpage-1(16)"},{"name":"framework","value":"testng"},{"name":"language","value":"java"},{"name":"feature","value":"Dashboard Page One"},{"name":"story","value":"Test fails"},{"name":"epic","value":"Swoop page"},{"name":"severity","value":"blocker"}],"links":[],"name":"firstTestMethod","status":"failed","statusDetails":{"known":false,"muted":false,"flaky":false,"message":"there should be no element out of range expected [0] but found [8]","trace":"java.lang.AssertionError: there should be no element out of range expected [0] but found [8]\r\n\tat org.testng.Assert.fail(Assert.java:99)\r\n\tat org.testng.Assert.failNotEquals(Assert.java:1037)\r\n\tat org.testng.Assert.assertEqualsImpl(Assert.java:140)\r\n\tat org.testng.Assert.assertEquals(Assert.java:122)\r\n\tat org.testng.Assert.assertEquals(Assert.java:907)\r\n\tat Steps.DashboardPageOneSteps.countingElementsInRange(DashboardPageOneSteps.java:56)\r\n\tat TestClass.firstTestMethod(TestClass.java:38)\r\n\tat java.base/jdk.internal.reflect.NativeMethodAccessorImpl.invoke0(Native Method)\r\n\tat java.base/jdk.internal.reflect.NativeMethodAccessorImpl.invoke(NativeMethodAccessorImpl.java:77)\r\n\tat java.base/jdk.internal.reflect.DelegatingMethodAccessorImpl.invoke(DelegatingMethodAccessorImpl.java:43)\r\n\tat java.base/java.lang.reflect.Method.invoke(Method.java:568)\r\n\tat org.testng.internal.MethodInvocationHelper.invokeMethod(MethodInvocationHelper.java:133)\r\n\tat org.testng.internal.TestInvoker.invokeMethod(TestInvoker.java:598)\r\n\tat org.testng.internal.TestInvoker.invokeTestMethod(TestInvoker.java:173)\r\n\tat org.testng.internal.MethodRunner.runInSequence(MethodRunner.java:46)\r\n\tat org.testng.internal.TestInvoker$MethodInvocationAgent.invoke(TestInvoker.java:824)\r\n\tat org.testng.internal.TestInvoker.invokeTestMethods(TestInvoker.java:146)\r\n\tat org.testng.internal.TestMethodWorker.invokeTestMethods(TestMethodWorker.java:146)\r\n\tat org.testng.internal.TestMethodWorker.run(TestMethodWorker.java:128)\r\n\tat java.base/java.util.concurrent.ThreadPoolExecutor.runWorker(ThreadPoolExecutor.java:1136)\r\n\tat java.base/java.util.concurrent.ThreadPoolExecutor$Worker.run(ThreadPoolExecutor.java:635)\r\n\tat java.base/java.lang.Thread.run(Thread.java:833)\r\n"},"stage":"finished","description":"put range and check returned elements","steps":[{"name":"click to „დასვენება“ category","status":"passed","stage":"finished","steps":[],"attachments":[],"parameters":[],"start":1674249392771,"stop":1674249402828},{"name":"Set minimum price","status":"passed","stage":"finished","steps":[],"attachments":[],"parameters":[],"start":1674249402830,"stop":1674249403772},{"name":"Set maximum price","status":"passed","stage":"finished","steps":[],"attachments":[],"parameters":[],"start":1674249403778,"stop":1674249404398},{"name":"Click submit button","status":"passed","stage":"finished","steps":[],"attachments":[],"parameters":[],"start":1674249404399,"stop":1674249404790},{"name":"Check if elements are in selected range","status":"failed","statusDetails":{"known":false,"muted":false,"flaky":false,"message":"there should be no element out of range expected [0] but found [8]","trace":"java.lang.AssertionError: there should be no element out of range expected [0] but found [8]\r\n\tat org.testng.Assert.fail(Assert.java:99)\r\n\tat org.testng.Assert.failNotEquals(Assert.java:1037)\r\n\tat org.testng.Assert.assertEqualsImpl(Assert.java:140)\r\n\tat org.testng.Assert.assertEquals(Assert.java:122)\r\n\tat org.testng.Assert.assertEquals(Assert.java:907)\r\n\tat Steps.DashboardPageOneSteps.countingElementsInRange(DashboardPageOneSteps.java:56)\r\n\tat TestClass.firstTestMethod(TestClass.java:38)\r\n\tat java.base/jdk.internal.reflect.NativeMethodAccessorImpl.invoke0(Native Method)\r\n\tat java.base/jdk.internal.reflect.NativeMethodAccessorImpl.invoke(NativeMethodAccessorImpl.java:77)\r\n\tat java.base/jdk.internal.reflect.DelegatingMethodAccessorImpl.invoke(DelegatingMethodAccessorImpl.java:43)\r\n\tat java.base/java.lang.reflect.Method.invoke(Method.java:568)\r\n\tat org.testng.internal.MethodInvocationHelper.invokeMethod(MethodInvocationHelper.java:133)\r\n\tat org.testng.internal.TestInvoker.invokeMethod(TestInvoker.java:598)\r\n\tat org.testng.internal.TestInvoker.invokeTestMethod(TestInvoker.java:173)\r\n\tat org.testng.internal.MethodRunner.runInSequence(MethodRunner.java:46)\r\n\tat org.testng.internal.TestInvoker$MethodInvocationAgent.invoke(TestInvoker.java:824)\r\n\tat org.testng.internal.TestInvoker.invokeTestMethods(TestInvoker.java:146)\r\n\tat org.testng.internal.TestMethodWorker.invokeTestMethods(TestMethodWorker.java:146)\r\n\tat org.testng.internal.TestMethodWorker.run(TestMethodWorker.java:128)\r\n\tat java.base/java.util.concurrent.ThreadPoolExecutor.runWorker(ThreadPoolExecutor.java:1136)\r\n\tat java.base/java.util.concurrent.ThreadPoolExecutor$Worker.run(ThreadPoolExecutor.java:635)\r\n\tat java.base/java.lang.Thread.run(Thread.java:833)\r\n"},"stage":"finished","steps":[],"attachments":[],"parameters":[],"start":1674249404791,"stop":1674249410257}],"attachments":[{"name":"Screenshot","source":"4e8c9da3-626a-4cd2-91e3-7a7fa3385985-attachment","type":"image/png"}],"parameters":[],"start":1674249391977,"stop":1674249411704}